13-May-2021 15:43:36.686 INFO [main] org.apache.catalina.startup.VersionLoggerListener.log 서버 버전 이름:    Apache Tomcat/9.0.45
13-May-2021 15:43:36.695 INFO [main] org.apache.catalina.startup.VersionLoggerListener.log Server 빌드 시각:  Mar 30 2021 10:29:04 UTC
13-May-2021 15:43:36.696 INFO [main] org.apache.catalina.startup.VersionLoggerListener.log Server 버전 번호:  9.0.45.0
13-May-2021 15:43:36.696 INFO [main] org.apache.catalina.startup.VersionLoggerListener.log 운영체제 이름:     Windows 10
13-May-2021 15:43:36.696 INFO [main] org.apache.catalina.startup.VersionLoggerListener.log 운영체제 버전:     10.0
13-May-2021 15:43:36.697 INFO [main] org.apache.catalina.startup.VersionLoggerListener.log 아키텍처:          amd64
13-May-2021 15:43:36.697 INFO [main] org.apache.catalina.startup.VersionLoggerListener.log 자바 홈:           C:\Program Files\Java\jdk-14.0.1
13-May-2021 15:43:36.697 INFO [main] org.apache.catalina.startup.VersionLoggerListener.log JVM 버전:          14.0.1+7
13-May-2021 15:43:36.697 INFO [main] org.apache.catalina.startup.VersionLoggerListener.log JVM 벤더:          Oracle Corporation
13-May-2021 15:43:36.698 INFO [main] org.apache.catalina.startup.VersionLoggerListener.log CATALINA_BASE:     C:\Users\hg030\JSP\apache-tomcat-9.0.45
13-May-2021 15:43:36.698 INFO [main] org.apache.catalina.startup.VersionLoggerListener.log CATALINA_HOME:     C:\Users\hg030\JSP\apache-tomcat-9.0.45
13-May-2021 15:43:36.716 INFO [main] org.apache.catalina.startup.VersionLoggerListener.log 명령 행 아규먼트:  --add-opens=java.base/java.lang=ALL-UNNAMED
13-May-2021 15:43:36.718 INFO [main] org.apache.catalina.startup.VersionLoggerListener.log 명령 행 아규먼트:  --add-opens=java.base/java.io=ALL-UNNAMED
13-May-2021 15:43:36.719 INFO [main] org.apache.catalina.startup.VersionLoggerListener.log 명령 행 아규먼트:  --add-opens=java.base/java.util=ALL-UNNAMED
13-May-2021 15:43:36.723 INFO [main] org.apache.catalina.startup.VersionLoggerListener.log 명령 행 아규먼트:  --add-opens=java.base/java.util.concurrent=ALL-UNNAMED
13-May-2021 15:43:36.724 INFO [main] org.apache.catalina.startup.VersionLoggerListener.log 명령 행 아규먼트:  --add-opens=java.rmi/sun.rmi.transport=ALL-UNNAMED
13-May-2021 15:43:36.725 INFO [main] org.apache.catalina.startup.VersionLoggerListener.log 명령 행 아규먼트:  -Djava.util.logging.config.file=C:\Users\hg030\JSP\apache-tomcat-9.0.45\conf\logging.properties
13-May-2021 15:43:36.726 INFO [main] org.apache.catalina.startup.VersionLoggerListener.log 명령 행 아규먼트:  -Djava.util.logging.manager=org.apache.juli.ClassLoaderLogManager
13-May-2021 15:43:36.727 INFO [main] org.apache.catalina.startup.VersionLoggerListener.log 명령 행 아규먼트:  -Djdk.tls.ephemeralDHKeySize=2048
13-May-2021 15:43:36.728 INFO [main] org.apache.catalina.startup.VersionLoggerListener.log 명령 행 아규먼트:  -Djava.protocol.handler.pkgs=org.apache.catalina.webresources
13-May-2021 15:43:36.729 INFO [main] org.apache.catalina.startup.VersionLoggerListener.log 명령 행 아규먼트:  -Dignore.endorsed.dirs=
13-May-2021 15:43:36.732 INFO [main] org.apache.catalina.startup.VersionLoggerListener.log 명령 행 아규먼트:  -Dcatalina.base=C:\Users\hg030\JSP\apache-tomcat-9.0.45
13-May-2021 15:43:36.733 INFO [main] org.apache.catalina.startup.VersionLoggerListener.log 명령 행 아규먼트:  -Dcatalina.home=C:\Users\hg030\JSP\apache-tomcat-9.0.45
13-May-2021 15:43:36.734 INFO [main] org.apache.catalina.startup.VersionLoggerListener.log 명령 행 아규먼트:  -Djava.io.tmpdir=C:\Users\hg030\JSP\apache-tomcat-9.0.45\temp
13-May-2021 15:43:36.741 INFO [main] org.apache.catalina.core.AprLifecycleListener.lifecycleEvent APR 버전 [1.7.0]을(를) 사용한, APR 기반 Apache Tomcat Native 라이브러리 [1.2.27]을(를) 로드했습니다.
13-May-2021 15:43:36.742 INFO [main] org.apache.catalina.core.AprLifecycleListener.lifecycleEvent APR 용량정보들: IPv6 [true], sendfile [true], accept filters [false], random [true].
13-May-2021 15:43:36.748 INFO [main] org.apache.catalina.core.AprLifecycleListener.lifecycleEvent APR/OpenSSL 설정: useAprConnector [false], useOpenSSL [true]
13-May-2021 15:43:36.761 INFO [main] org.apache.catalina.core.AprLifecycleListener.initializeSSL OpenSSL이 성공적으로 초기화되었습니다: [OpenSSL 1.1.1k  25 Mar 2021]
13-May-2021 15:43:37.166 INFO [main] org.apache.coyote.AbstractProtocol.init 프로토콜 핸들러 ["http-nio-8080"]을(를) 초기화합니다.
13-May-2021 15:43:37.313 INFO [main] org.apache.catalina.startup.Catalina.load [963] 밀리초 내에 서버가 초기화되었습니다.
13-May-2021 15:43:37.377 INFO [main] org.apache.catalina.core.StandardService.startInternal 서비스 [Catalina]을(를) 시작합니다.
13-May-2021 15:43:37.378 INFO [main] org.apache.catalina.core.StandardEngine.startInternal 서버 엔진을 시작합니다: [Apache Tomcat/9.0.45]
13-May-2021 15:43:37.398 INFO [main] org.apache.catalina.startup.HostConfig.deployDirectory 웹 애플리케이션 디렉토리 [C:\Users\hg030\JSP\apache-tomcat-9.0.45\webapps\docs]을(를) 배치합니다.
13-May-2021 15:43:37.860 INFO [main] org.apache.catalina.startup.HostConfig.deployDirectory 웹 애플리케이션 디렉토리 [C:\Users\hg030\JSP\apache-tomcat-9.0.45\webapps\docs]에 대한 배치가 [458] 밀리초에 완료되었습니다.
13-May-2021 15:43:37.863 INFO [main] org.apache.catalina.startup.HostConfig.deployDirectory 웹 애플리케이션 디렉토리 [C:\Users\hg030\JSP\apache-tomcat-9.0.45\webapps\examples]을(를) 배치합니다.
13-May-2021 15:43:38.745 INFO [main] org.apache.catalina.startup.HostConfig.deployDirectory 웹 애플리케이션 디렉토리 [C:\Users\hg030\JSP\apache-tomcat-9.0.45\webapps\examples]에 대한 배치가 [883] 밀리초에 완료되었습니다.
13-May-2021 15:43:38.746 INFO [main] org.apache.catalina.startup.HostConfig.deployDirectory 웹 애플리케이션 디렉토리 [C:\Users\hg030\JSP\apache-tomcat-9.0.45\webapps\host-manager]을(를) 배치합니다.
13-May-2021 15:43:38.812 INFO [main] org.apache.catalina.startup.HostConfig.deployDirectory 웹 애플리케이션 디렉토리 [C:\Users\hg030\JSP\apache-tomcat-9.0.45\webapps\host-manager]에 대한 배치가 [66] 밀리초에 완료되었습니다.
13-May-2021 15:43:38.815 INFO [main] org.apache.catalina.startup.HostConfig.deployDirectory 웹 애플리케이션 디렉토리 [C:\Users\hg030\JSP\apache-tomcat-9.0.45\webapps\manager]을(를) 배치합니다.
13-May-2021 15:43:38.882 INFO [main] org.apache.catalina.startup.HostConfig.deployDirectory 웹 애플리케이션 디렉토리 [C:\Users\hg030\JSP\apache-tomcat-9.0.45\webapps\manager]에 대한 배치가 [67] 밀리초에 완료되었습니다.
13-May-2021 15:43:38.884 INFO [main] org.apache.catalina.startup.HostConfig.deployDirectory 웹 애플리케이션 디렉토리 [C:\Users\hg030\JSP\apache-tomcat-9.0.45\webapps\ROOT]을(를) 배치합니다.
13-May-2021 15:43:38.946 INFO [main] org.apache.catalina.startup.HostConfig.deployDirectory 웹 애플리케이션 디렉토리 [C:\Users\hg030\JSP\apache-tomcat-9.0.45\webapps\ROOT]에 대한 배치가 [62] 밀리초에 완료되었습니다.
13-May-2021 15:43:38.952 INFO [main] org.apache.coyote.AbstractProtocol.start 프로토콜 핸들러 ["http-nio-8080"]을(를) 시작합니다.
13-May-2021 15:43:38.970 INFO [main] org.apache.catalina.startup.Catalina.start 서버가 [1650] 밀리초 내에 시작되었습니다.
