14-May-2021 16:15:50.019 INFO [main] org.apache.catalina.startup.VersionLoggerListener.log 서버 버전 이름:    Apache Tomcat/9.0.45
14-May-2021 16:15:50.028 INFO [main] org.apache.catalina.startup.VersionLoggerListener.log Server 빌드 시각:  Mar 30 2021 10:29:04 UTC
14-May-2021 16:15:50.028 INFO [main] org.apache.catalina.startup.VersionLoggerListener.log Server 버전 번호:  9.0.45.0
14-May-2021 16:15:50.029 INFO [main] org.apache.catalina.startup.VersionLoggerListener.log 운영체제 이름:     Windows 10
14-May-2021 16:15:50.029 INFO [main] org.apache.catalina.startup.VersionLoggerListener.log 운영체제 버전:     10.0
14-May-2021 16:15:50.029 INFO [main] org.apache.catalina.startup.VersionLoggerListener.log 아키텍처:          amd64
14-May-2021 16:15:50.029 INFO [main] org.apache.catalina.startup.VersionLoggerListener.log 자바 홈:           C:\Program Files\Java\jdk-14.0.1
14-May-2021 16:15:50.030 INFO [main] org.apache.catalina.startup.VersionLoggerListener.log JVM 버전:          14.0.1+7
14-May-2021 16:15:50.030 INFO [main] org.apache.catalina.startup.VersionLoggerListener.log JVM 벤더:          Oracle Corporation
14-May-2021 16:15:50.030 INFO [main] org.apache.catalina.startup.VersionLoggerListener.log CATALINA_BASE:     C:\Users\hg030\JSP\apache-tomcat-9.0.45
14-May-2021 16:15:50.030 INFO [main] org.apache.catalina.startup.VersionLoggerListener.log CATALINA_HOME:     C:\Users\hg030\JSP\apache-tomcat-9.0.45
14-May-2021 16:15:50.045 INFO [main] org.apache.catalina.startup.VersionLoggerListener.log 명령 행 아규먼트:  --add-opens=java.base/java.lang=ALL-UNNAMED
14-May-2021 16:15:50.046 INFO [main] org.apache.catalina.startup.VersionLoggerListener.log 명령 행 아규먼트:  --add-opens=java.base/java.io=ALL-UNNAMED
14-May-2021 16:15:50.047 INFO [main] org.apache.catalina.startup.VersionLoggerListener.log 명령 행 아규먼트:  --add-opens=java.base/java.util=ALL-UNNAMED
14-May-2021 16:15:50.049 INFO [main] org.apache.catalina.startup.VersionLoggerListener.log 명령 행 아규먼트:  --add-opens=java.base/java.util.concurrent=ALL-UNNAMED
14-May-2021 16:15:50.051 INFO [main] org.apache.catalina.startup.VersionLoggerListener.log 명령 행 아규먼트:  --add-opens=java.rmi/sun.rmi.transport=ALL-UNNAMED
14-May-2021 16:15:50.052 INFO [main] org.apache.catalina.startup.VersionLoggerListener.log 명령 행 아규먼트:  -Djava.util.logging.config.file=C:\Users\hg030\JSP\apache-tomcat-9.0.45\conf\logging.properties
14-May-2021 16:15:50.055 INFO [main] org.apache.catalina.startup.VersionLoggerListener.log 명령 행 아규먼트:  -Djava.util.logging.manager=org.apache.juli.ClassLoaderLogManager
14-May-2021 16:15:50.056 INFO [main] org.apache.catalina.startup.VersionLoggerListener.log 명령 행 아규먼트:  -Djdk.tls.ephemeralDHKeySize=2048
14-May-2021 16:15:50.057 INFO [main] org.apache.catalina.startup.VersionLoggerListener.log 명령 행 아규먼트:  -Djava.protocol.handler.pkgs=org.apache.catalina.webresources
14-May-2021 16:15:50.058 INFO [main] org.apache.catalina.startup.VersionLoggerListener.log 명령 행 아규먼트:  -Dignore.endorsed.dirs=
14-May-2021 16:15:50.059 INFO [main] org.apache.catalina.startup.VersionLoggerListener.log 명령 행 아규먼트:  -Dcatalina.base=C:\Users\hg030\JSP\apache-tomcat-9.0.45
14-May-2021 16:15:50.060 INFO [main] org.apache.catalina.startup.VersionLoggerListener.log 명령 행 아규먼트:  -Dcatalina.home=C:\Users\hg030\JSP\apache-tomcat-9.0.45
14-May-2021 16:15:50.061 INFO [main] org.apache.catalina.startup.VersionLoggerListener.log 명령 행 아규먼트:  -Djava.io.tmpdir=C:\Users\hg030\JSP\apache-tomcat-9.0.45\temp
14-May-2021 16:15:50.072 INFO [main] org.apache.catalina.core.AprLifecycleListener.lifecycleEvent APR 버전 [1.7.0]을(를) 사용한, APR 기반 Apache Tomcat Native 라이브러리 [1.2.27]을(를) 로드했습니다.
14-May-2021 16:15:50.074 INFO [main] org.apache.catalina.core.AprLifecycleListener.lifecycleEvent APR 용량정보들: IPv6 [true], sendfile [true], accept filters [false], random [true].
14-May-2021 16:15:50.075 INFO [main] org.apache.catalina.core.AprLifecycleListener.lifecycleEvent APR/OpenSSL 설정: useAprConnector [false], useOpenSSL [true]
14-May-2021 16:15:50.097 INFO [main] org.apache.catalina.core.AprLifecycleListener.initializeSSL OpenSSL이 성공적으로 초기화되었습니다: [OpenSSL 1.1.1k  25 Mar 2021]
14-May-2021 16:15:50.421 INFO [main] org.apache.coyote.AbstractProtocol.init 프로토콜 핸들러 ["http-nio-8080"]을(를) 초기화합니다.
14-May-2021 16:15:50.577 INFO [main] org.apache.catalina.startup.Catalina.load [827] 밀리초 내에 서버가 초기화되었습니다.
14-May-2021 16:15:50.640 INFO [main] org.apache.catalina.core.StandardService.startInternal 서비스 [Catalina]을(를) 시작합니다.
14-May-2021 16:15:50.643 INFO [main] org.apache.catalina.core.StandardEngine.startInternal 서버 엔진을 시작합니다: [Apache Tomcat/9.0.45]
14-May-2021 16:15:50.660 INFO [main] org.apache.catalina.startup.HostConfig.deployDirectory 웹 애플리케이션 디렉토리 [C:\Users\hg030\JSP\apache-tomcat-9.0.45\webapps\docs]을(를) 배치합니다.
14-May-2021 16:15:51.121 INFO [main] org.apache.catalina.startup.HostConfig.deployDirectory 웹 애플리케이션 디렉토리 [C:\Users\hg030\JSP\apache-tomcat-9.0.45\webapps\docs]에 대한 배치가 [457] 밀리초에 완료되었습니다.
14-May-2021 16:15:51.124 INFO [main] org.apache.catalina.startup.HostConfig.deployDirectory 웹 애플리케이션 디렉토리 [C:\Users\hg030\JSP\apache-tomcat-9.0.45\webapps\examples]을(를) 배치합니다.
14-May-2021 16:15:51.743 INFO [main] org.apache.catalina.startup.HostConfig.deployDirectory 웹 애플리케이션 디렉토리 [C:\Users\hg030\JSP\apache-tomcat-9.0.45\webapps\examples]에 대한 배치가 [619] 밀리초에 완료되었습니다.
14-May-2021 16:15:51.745 INFO [main] org.apache.catalina.startup.HostConfig.deployDirectory 웹 애플리케이션 디렉토리 [C:\Users\hg030\JSP\apache-tomcat-9.0.45\webapps\host-manager]을(를) 배치합니다.
14-May-2021 16:15:51.801 INFO [main] org.apache.catalina.startup.HostConfig.deployDirectory 웹 애플리케이션 디렉토리 [C:\Users\hg030\JSP\apache-tomcat-9.0.45\webapps\host-manager]에 대한 배치가 [56] 밀리초에 완료되었습니다.
14-May-2021 16:15:51.803 INFO [main] org.apache.catalina.startup.HostConfig.deployDirectory 웹 애플리케이션 디렉토리 [C:\Users\hg030\JSP\apache-tomcat-9.0.45\webapps\manager]을(를) 배치합니다.
14-May-2021 16:15:51.854 INFO [main] org.apache.catalina.startup.HostConfig.deployDirectory 웹 애플리케이션 디렉토리 [C:\Users\hg030\JSP\apache-tomcat-9.0.45\webapps\manager]에 대한 배치가 [51] 밀리초에 완료되었습니다.
14-May-2021 16:15:51.859 INFO [main] org.apache.catalina.startup.HostConfig.deployDirectory 웹 애플리케이션 디렉토리 [C:\Users\hg030\JSP\apache-tomcat-9.0.45\webapps\ROOT]을(를) 배치합니다.
14-May-2021 16:15:51.896 INFO [main] org.apache.catalina.startup.HostConfig.deployDirectory 웹 애플리케이션 디렉토리 [C:\Users\hg030\JSP\apache-tomcat-9.0.45\webapps\ROOT]에 대한 배치가 [37] 밀리초에 완료되었습니다.
14-May-2021 16:15:51.908 INFO [main] org.apache.coyote.AbstractProtocol.start 프로토콜 핸들러 ["http-nio-8080"]을(를) 시작합니다.
14-May-2021 16:15:51.925 INFO [main] org.apache.catalina.startup.Catalina.start 서버가 [1338] 밀리초 내에 시작되었습니다.
14-May-2021 16:35:33.986 INFO [main] org.apache.catalina.core.StandardServer.await 셧다운 포트를 통해 유효한 셧다운 명령을 받았습니다. 서버 인스턴스를 중지시킵니다.
14-May-2021 16:35:34.043 INFO [main] org.apache.coyote.AbstractProtocol.pause 프로토콜 핸들러 ["http-nio-8080"]을(를) 일시 정지 중
14-May-2021 16:35:34.125 INFO [main] org.apache.catalina.core.StandardService.stopInternal 서비스 [Catalina]을(를) 중지시킵니다.
14-May-2021 16:35:34.226 INFO [main] org.apache.coyote.AbstractProtocol.stop 프로토콜 핸들러 ["http-nio-8080"]을(를) 중지시킵니다.
14-May-2021 16:35:34.246 INFO [main] org.apache.coyote.AbstractProtocol.destroy 프로토콜 핸들러 ["http-nio-8080"]을(를) 소멸시킵니다.
14-May-2021 16:35:41.743 INFO [main] org.apache.catalina.startup.VersionLoggerListener.log 서버 버전 이름:    Apache Tomcat/9.0.45
14-May-2021 16:35:41.747 INFO [main] org.apache.catalina.startup.VersionLoggerListener.log Server 빌드 시각:  Mar 30 2021 10:29:04 UTC
14-May-2021 16:35:41.747 INFO [main] org.apache.catalina.startup.VersionLoggerListener.log Server 버전 번호:  9.0.45.0
14-May-2021 16:35:41.747 INFO [main] org.apache.catalina.startup.VersionLoggerListener.log 운영체제 이름:     Windows 10
14-May-2021 16:35:41.748 INFO [main] org.apache.catalina.startup.VersionLoggerListener.log 운영체제 버전:     10.0
14-May-2021 16:35:41.748 INFO [main] org.apache.catalina.startup.VersionLoggerListener.log 아키텍처:          amd64
14-May-2021 16:35:41.748 INFO [main] org.apache.catalina.startup.VersionLoggerListener.log 자바 홈:           C:\Program Files\Java\jdk-14.0.1
14-May-2021 16:35:41.749 INFO [main] org.apache.catalina.startup.VersionLoggerListener.log JVM 버전:          14.0.1+7
14-May-2021 16:35:41.749 INFO [main] org.apache.catalina.startup.VersionLoggerListener.log JVM 벤더:          Oracle Corporation
14-May-2021 16:35:41.749 INFO [main] org.apache.catalina.startup.VersionLoggerListener.log CATALINA_BASE:     C:\Users\hg030\JSP\apache-tomcat-9.0.45
14-May-2021 16:35:41.749 INFO [main] org.apache.catalina.startup.VersionLoggerListener.log CATALINA_HOME:     C:\Users\hg030\JSP\apache-tomcat-9.0.45
14-May-2021 16:35:41.764 INFO [main] org.apache.catalina.startup.VersionLoggerListener.log 명령 행 아규먼트:  --add-opens=java.base/java.lang=ALL-UNNAMED
14-May-2021 16:35:41.765 INFO [main] org.apache.catalina.startup.VersionLoggerListener.log 명령 행 아규먼트:  --add-opens=java.base/java.io=ALL-UNNAMED
14-May-2021 16:35:41.767 INFO [main] org.apache.catalina.startup.VersionLoggerListener.log 명령 행 아규먼트:  --add-opens=java.base/java.util=ALL-UNNAMED
14-May-2021 16:35:41.768 INFO [main] org.apache.catalina.startup.VersionLoggerListener.log 명령 행 아규먼트:  --add-opens=java.base/java.util.concurrent=ALL-UNNAMED
14-May-2021 16:35:41.769 INFO [main] org.apache.catalina.startup.VersionLoggerListener.log 명령 행 아규먼트:  --add-opens=java.rmi/sun.rmi.transport=ALL-UNNAMED
14-May-2021 16:35:41.772 INFO [main] org.apache.catalina.startup.VersionLoggerListener.log 명령 행 아규먼트:  -Djava.util.logging.config.file=C:\Users\hg030\JSP\apache-tomcat-9.0.45\conf\logging.properties
14-May-2021 16:35:41.779 INFO [main] org.apache.catalina.startup.VersionLoggerListener.log 명령 행 아규먼트:  -Djava.util.logging.manager=org.apache.juli.ClassLoaderLogManager
14-May-2021 16:35:41.780 INFO [main] org.apache.catalina.startup.VersionLoggerListener.log 명령 행 아규먼트:  -Djdk.tls.ephemeralDHKeySize=2048
14-May-2021 16:35:41.781 INFO [main] org.apache.catalina.startup.VersionLoggerListener.log 명령 행 아규먼트:  -Djava.protocol.handler.pkgs=org.apache.catalina.webresources
14-May-2021 16:35:41.783 INFO [main] org.apache.catalina.startup.VersionLoggerListener.log 명령 행 아규먼트:  -Dignore.endorsed.dirs=
14-May-2021 16:35:41.783 INFO [main] org.apache.catalina.startup.VersionLoggerListener.log 명령 행 아규먼트:  -Dcatalina.base=C:\Users\hg030\JSP\apache-tomcat-9.0.45
14-May-2021 16:35:41.785 INFO [main] org.apache.catalina.startup.VersionLoggerListener.log 명령 행 아규먼트:  -Dcatalina.home=C:\Users\hg030\JSP\apache-tomcat-9.0.45
14-May-2021 16:35:41.786 INFO [main] org.apache.catalina.startup.VersionLoggerListener.log 명령 행 아규먼트:  -Djava.io.tmpdir=C:\Users\hg030\JSP\apache-tomcat-9.0.45\temp
14-May-2021 16:35:41.798 INFO [main] org.apache.catalina.core.AprLifecycleListener.lifecycleEvent APR 버전 [1.7.0]을(를) 사용한, APR 기반 Apache Tomcat Native 라이브러리 [1.2.27]을(를) 로드했습니다.
14-May-2021 16:35:41.800 INFO [main] org.apache.catalina.core.AprLifecycleListener.lifecycleEvent APR 용량정보들: IPv6 [true], sendfile [true], accept filters [false], random [true].
14-May-2021 16:35:41.800 INFO [main] org.apache.catalina.core.AprLifecycleListener.lifecycleEvent APR/OpenSSL 설정: useAprConnector [false], useOpenSSL [true]
14-May-2021 16:35:41.813 INFO [main] org.apache.catalina.core.AprLifecycleListener.initializeSSL OpenSSL이 성공적으로 초기화되었습니다: [OpenSSL 1.1.1k  25 Mar 2021]
14-May-2021 16:35:42.213 INFO [main] org.apache.coyote.AbstractProtocol.init 프로토콜 핸들러 ["http-nio-8080"]을(를) 초기화합니다.
14-May-2021 16:35:42.396 INFO [main] org.apache.catalina.startup.Catalina.load [1043] 밀리초 내에 서버가 초기화되었습니다.
14-May-2021 16:35:42.497 INFO [main] org.apache.catalina.core.StandardService.startInternal 서비스 [Catalina]을(를) 시작합니다.
14-May-2021 16:35:42.500 INFO [main] org.apache.catalina.core.StandardEngine.startInternal 서버 엔진을 시작합니다: [Apache Tomcat/9.0.45]
14-May-2021 16:35:42.525 INFO [main] org.apache.catalina.startup.HostConfig.deployDirectory 웹 애플리케이션 디렉토리 [C:\Users\hg030\JSP\apache-tomcat-9.0.45\webapps\docs]을(를) 배치합니다.
14-May-2021 16:35:43.137 INFO [main] org.apache.catalina.startup.HostConfig.deployDirectory 웹 애플리케이션 디렉토리 [C:\Users\hg030\JSP\apache-tomcat-9.0.45\webapps\docs]에 대한 배치가 [610] 밀리초에 완료되었습니다.
14-May-2021 16:35:43.145 INFO [main] org.apache.catalina.startup.HostConfig.deployDirectory 웹 애플리케이션 디렉토리 [C:\Users\hg030\JSP\apache-tomcat-9.0.45\webapps\examples]을(를) 배치합니다.
14-May-2021 16:35:44.223 INFO [main] org.apache.catalina.startup.HostConfig.deployDirectory 웹 애플리케이션 디렉토리 [C:\Users\hg030\JSP\apache-tomcat-9.0.45\webapps\examples]에 대한 배치가 [1,080] 밀리초에 완료되었습니다.
14-May-2021 16:35:44.231 INFO [main] org.apache.catalina.startup.HostConfig.deployDirectory 웹 애플리케이션 디렉토리 [C:\Users\hg030\JSP\apache-tomcat-9.0.45\webapps\host-manager]을(를) 배치합니다.
14-May-2021 16:35:44.335 INFO [main] org.apache.catalina.startup.HostConfig.deployDirectory 웹 애플리케이션 디렉토리 [C:\Users\hg030\JSP\apache-tomcat-9.0.45\webapps\host-manager]에 대한 배치가 [104] 밀리초에 완료되었습니다.
14-May-2021 16:35:44.339 INFO [main] org.apache.catalina.startup.HostConfig.deployDirectory 웹 애플리케이션 디렉토리 [C:\Users\hg030\JSP\apache-tomcat-9.0.45\webapps\manager]을(를) 배치합니다.
14-May-2021 16:35:44.428 INFO [main] org.apache.catalina.startup.HostConfig.deployDirectory 웹 애플리케이션 디렉토리 [C:\Users\hg030\JSP\apache-tomcat-9.0.45\webapps\manager]에 대한 배치가 [88] 밀리초에 완료되었습니다.
14-May-2021 16:35:44.431 INFO [main] org.apache.catalina.startup.HostConfig.deployDirectory 웹 애플리케이션 디렉토리 [C:\Users\hg030\JSP\apache-tomcat-9.0.45\webapps\ROOT]을(를) 배치합니다.
14-May-2021 16:35:44.507 INFO [main] org.apache.catalina.startup.HostConfig.deployDirectory 웹 애플리케이션 디렉토리 [C:\Users\hg030\JSP\apache-tomcat-9.0.45\webapps\ROOT]에 대한 배치가 [76] 밀리초에 완료되었습니다.
14-May-2021 16:35:44.529 INFO [main] org.apache.coyote.AbstractProtocol.start 프로토콜 핸들러 ["http-nio-8080"]을(를) 시작합니다.
14-May-2021 16:35:44.566 INFO [main] org.apache.catalina.startup.Catalina.start 서버가 [2165] 밀리초 내에 시작되었습니다.
